build/app/outputs/mapping/release/mapping.txt
# compiler: R8
# compiler_version: 1.5.69
# min_api: 16
# pg_map_id: 7eb4750
...
com.google.android.gms.internal.measurement.zzbs -> b.a.a.a.e.e.f0:
    android.app.Activity zzc -> e
    com.google.android.gms.internal.measurement.zzag$zzc zze -> g
    com.google.android.gms.internal.measurement.zzt zzd -> f
    void zza() -> a
com.google.android.gms.internal.measurement.zzbt -> b.a.a.a.e.e.g0:
    android.app.Activity zzc -> e
    com.google.android.gms.internal.measurement.zzag$zzc zzd -> f
    void zza() -> a
com.google.android.gms.internal.measurement.zzbu -> b.a.a.a.e.e.h0:
    android.app.Activity zzc -> e
    com.google.android.gms.internal.measurement.zzag$zzc zzd -> f
    void zza() -> a
com.google.android.gms.internal.measurement.zzbv$zza -> b.a.a.a.e.e.i0:
    java.lang.Object zza(int,java.lang.Object,java.lang.Object) -> a
    void zza(int,com.google.android.gms.internal.measurement.zzbv$zzb) -> a
    void zza(int,com.google.android.gms.internal.measurement.zzbv$zze) -> a
    void zza(com.google.android.gms.internal.measurement.zzbv$zza,int,com.google.android.gms.internal.measurement.zzbv$zzb) -> a
    void zza(com.google.android.gms.internal.measurement.zzbv$zza,int,com.google.android.gms.internal.measurement.zzbv$zze) -> a
    com.google.android.gms.internal.measurement.zzbv$zze zza(int) -> b
    com.google.android.gms.internal.measurement.zzbv$zzb zzb(int) -> c
    boolean zza() -> o
    int zzb() -> p
    java.util.List zzc() -> q
    int zzd() -> r
    java.util.List zze() -> s
    int zzf() -> t
    com.google.android.gms.internal.measurement.zzbv$zza zzg() -> u
com.google.android.gms.internal.measurement.zzbv$zza$zza -> b.a.a.a.e.e.i0$a:
    com.google.android.gms.internal.measurement.zzbv$zza$zza zza(int,com.google.android.gms.internal.measurement.zzbv$zzb$zza) -> a
    com.google.android.gms.internal.measurement.zzbv$zza$zza zza(int,com.google.android.gms.internal.measurement.zzbv$zze$zza) -> a
    com.google.android.gms.internal.measurement.zzbv$zze zza(int) -> a
    com.google.android.gms.internal.measurement.zzbv$zzb zzb(int) -> b
    int zza() -> k
    int zzb() -> l
com.google.android.gms.internal.measurement.zzbv$zzb -> b.a.a.a.e.e.j0:
    com.google.android.gms.internal.measurement.zzbv$zzb zzm() -> A
    java.lang.Object zza(int,java.lang.Object,java.lang.Object) -> a
    void zza(int,com.google.android.gms.internal.measurement.zzbv$zzc) -> a
    void zza(com.google.android.gms.internal.measurement.zzbv$zzb,int,com.google.android.gms.internal.measurement.zzbv$zzc) -> a
    void zza(com.google.android.gms.internal.measurement.zzbv$zzb,java.lang.String) -> a
    void zza(java.lang.String) -> a
    com.google.android.gms.internal.measurement.zzbv$zzc zza(int) -> b
    boolean zza() -> o
    int zzb() -> p
    java.lang.String zzc() -> q
    java.util.List zzd() -> r
    int zze() -> s
    boolean zzf() -> t
    com.google.android.gms.internal.measurement.zzbv$zzd zzg() -> u
    boolean zzh() -> v
    boolean zzi() -> w
    boolean zzj() -> x
    boolean zzk() -> y
    com.google.android.gms.internal.measurement.zzbv$zzb$zza zzl() -> z
com.google.android.gms.internal.measurement.zzbv$zzb$zza -> b.a.a.a.e.e.j0$a:
    com.google.android.gms.internal.measurement.zzbv$zzb$zza zza(int,com.google.android.gms.internal.measurement.zzbv$zzc) -> a
    com.google.android.gms.internal.measurement.zzbv$zzb$zza zza(java.lang.String) -> a
    com.google.android.gms.internal.measurement.zzbv$zzc zza(int) -> a
    java.lang.String zza() -> k
    int zzb() -> l